{"/Users/justina/projects/sandbox/fullstackopen/notes-frontend/src/App.jsx": {"path":"/Users/justina/projects/sandbox/fullstackopen/notes-frontend/src/App.jsx","statementMap":{"0":{"start":{"line":10,"column":15},"end":{"line":22,"column":1}},"1":{"start":{"line":11,"column":22},"end":{"line":15,"column":3}},"2":{"start":{"line":16,"column":2},"end":{"line":21,"column":4}},"3":{"start":{"line":23,"column":12},"end":{"line":143,"column":1}},"4":{"start":{"line":24,"column":28},"end":{"line":24,"column":40}},"5":{"start":{"line":25,"column":32},"end":{"line":25,"column":46}},"6":{"start":{"line":26,"column":42},"end":{"line":26,"column":56}},"7":{"start":{"line":27,"column":34},"end":{"line":27,"column":46}},"8":{"start":{"line":28,"column":34},"end":{"line":28,"column":46}},"9":{"start":{"line":29,"column":26},"end":{"line":29,"column":40}},"10":{"start":{"line":30,"column":2},"end":{"line":34,"column":9}},"11":{"start":{"line":31,"column":4},"end":{"line":33,"column":7}},"12":{"start":{"line":32,"column":6},"end":{"line":32,"column":29}},"13":{"start":{"line":36,"column":2},"end":{"line":43,"column":9}},"14":{"start":{"line":37,"column":27},"end":{"line":37,"column":75}},"15":{"start":{"line":38,"column":4},"end":{"line":42,"column":5}},"16":{"start":{"line":39,"column":19},"end":{"line":39,"column":45}},"17":{"start":{"line":40,"column":6},"end":{"line":40,"column":20}},"18":{"start":{"line":41,"column":6},"end":{"line":41,"column":39}},"19":{"start":{"line":44,"column":29},"end":{"line":62,"column":3}},"20":{"start":{"line":45,"column":17},"end":{"line":45,"column":47}},"21":{"start":{"line":45,"column":35},"end":{"line":45,"column":46}},"22":{"start":{"line":46,"column":24},"end":{"line":46,"column":63}},"23":{"start":{"line":48,"column":4},"end":{"line":61,"column":9}},"24":{"start":{"line":51,"column":8},"end":{"line":51,"column":78}},"25":{"start":{"line":51,"column":38},"end":{"line":51,"column":74}},"26":{"start":{"line":54,"column":8},"end":{"line":56,"column":10}},"27":{"start":{"line":57,"column":8},"end":{"line":59,"column":17}},"28":{"start":{"line":58,"column":10},"end":{"line":58,"column":32}},"29":{"start":{"line":60,"column":8},"end":{"line":60,"column":51}},"30":{"start":{"line":60,"column":37},"end":{"line":60,"column":48}},"31":{"start":{"line":64,"column":18},"end":{"line":69,"column":3}},"32":{"start":{"line":65,"column":4},"end":{"line":65,"column":43}},"33":{"start":{"line":66,"column":4},"end":{"line":68,"column":7}},"34":{"start":{"line":67,"column":6},"end":{"line":67,"column":43}},"35":{"start":{"line":71,"column":22},"end":{"line":71,"column":78}},"36":{"start":{"line":71,"column":63},"end":{"line":71,"column":77}},"37":{"start":{"line":73,"column":22},"end":{"line":85,"column":3}},"38":{"start":{"line":74,"column":4},"end":{"line":84,"column":5}},"39":{"start":{"line":75,"column":19},"end":{"line":75,"column":43}},"40":{"start":{"line":76,"column":6},"end":{"line":76,"column":77}},"41":{"start":{"line":77,"column":6},"end":{"line":77,"column":39}},"42":{"start":{"line":78,"column":6},"end":{"line":78,"column":20}},"43":{"start":{"line":80,"column":6},"end":{"line":80,"column":43}},"44":{"start":{"line":81,"column":6},"end":{"line":83,"column":15}},"45":{"start":{"line":82,"column":8},"end":{"line":82,"column":30}},"46":{"start":{"line":87,"column":23},"end":{"line":91,"column":3}},"47":{"start":{"line":88,"column":4},"end":{"line":88,"column":18}},"48":{"start":{"line":89,"column":4},"end":{"line":89,"column":31}},"49":{"start":{"line":90,"column":4},"end":{"line":90,"column":56}},"50":{"start":{"line":93,"column":20},"end":{"line":101,"column":3}},"51":{"start":{"line":94,"column":4},"end":{"line":100,"column":6}},"52":{"start":{"line":103,"column":22},"end":{"line":103,"column":30}},"53":{"start":{"line":104,"column":19},"end":{"line":108,"column":3}},"54":{"start":{"line":105,"column":4},"end":{"line":107,"column":16}},"55":{"start":{"line":109,"column":2},"end":{"line":142,"column":4}},"56":{"start":{"line":123,"column":31},"end":{"line":123,"column":51}},"57":{"start":{"line":129,"column":10},"end":{"line":129,"column":28}},"58":{"start":{"line":130,"column":10},"end":{"line":136,"column":12}},"59":{"start":{"line":134,"column":38},"end":{"line":134,"column":65}}},"fnMap":{"0":{"name":"(anonymous_0)","decl":{"start":{"line":10,"column":15},"end":{"line":10,"column":16}},"loc":{"start":{"line":10,"column":21},"end":{"line":22,"column":1}},"line":10},"1":{"name":"(anonymous_1)","decl":{"start":{"line":23,"column":12},"end":{"line":23,"column":13}},"loc":{"start":{"line":23,"column":18},"end":{"line":143,"column":1}},"line":23},"2":{"name":"(anonymous_2)","decl":{"start":{"line":30,"column":12},"end":{"line":30,"column":13}},"loc":{"start":{"line":30,"column":18},"end":{"line":34,"column":3}},"line":30},"3":{"name":"(anonymous_3)","decl":{"start":{"line":31,"column":30},"end":{"line":31,"column":31}},"loc":{"start":{"line":31,"column":48},"end":{"line":33,"column":5}},"line":31},"4":{"name":"(anonymous_4)","decl":{"start":{"line":36,"column":12},"end":{"line":36,"column":13}},"loc":{"start":{"line":36,"column":18},"end":{"line":43,"column":3}},"line":36},"5":{"name":"(anonymous_5)","decl":{"start":{"line":44,"column":29},"end":{"line":44,"column":30}},"loc":{"start":{"line":44,"column":37},"end":{"line":62,"column":3}},"line":44},"6":{"name":"(anonymous_6)","decl":{"start":{"line":45,"column":28},"end":{"line":45,"column":29}},"loc":{"start":{"line":45,"column":35},"end":{"line":45,"column":46}},"line":45},"7":{"name":"(anonymous_7)","decl":{"start":{"line":50,"column":12},"end":{"line":50,"column":13}},"loc":{"start":{"line":50,"column":30},"end":{"line":52,"column":7}},"line":50},"8":{"name":"(anonymous_8)","decl":{"start":{"line":51,"column":27},"end":{"line":51,"column":28}},"loc":{"start":{"line":51,"column":38},"end":{"line":51,"column":74}},"line":51},"9":{"name":"(anonymous_9)","decl":{"start":{"line":53,"column":13},"end":{"line":53,"column":14}},"loc":{"start":{"line":53,"column":19},"end":{"line":61,"column":7}},"line":53},"10":{"name":"(anonymous_10)","decl":{"start":{"line":57,"column":19},"end":{"line":57,"column":20}},"loc":{"start":{"line":57,"column":25},"end":{"line":59,"column":9}},"line":57},"11":{"name":"(anonymous_11)","decl":{"start":{"line":60,"column":30},"end":{"line":60,"column":31}},"loc":{"start":{"line":60,"column":37},"end":{"line":60,"column":48}},"line":60},"12":{"name":"(anonymous_12)","decl":{"start":{"line":64,"column":18},"end":{"line":64,"column":19}},"loc":{"start":{"line":64,"column":34},"end":{"line":69,"column":3}},"line":64},"13":{"name":"(anonymous_13)","decl":{"start":{"line":66,"column":40},"end":{"line":66,"column":41}},"loc":{"start":{"line":66,"column":58},"end":{"line":68,"column":5}},"line":66},"14":{"name":"(anonymous_14)","decl":{"start":{"line":71,"column":53},"end":{"line":71,"column":54}},"loc":{"start":{"line":71,"column":63},"end":{"line":71,"column":77}},"line":71},"15":{"name":"(anonymous_15)","decl":{"start":{"line":73,"column":22},"end":{"line":73,"column":23}},"loc":{"start":{"line":73,"column":45},"end":{"line":85,"column":3}},"line":73},"16":{"name":"(anonymous_16)","decl":{"start":{"line":81,"column":17},"end":{"line":81,"column":18}},"loc":{"start":{"line":81,"column":23},"end":{"line":83,"column":7}},"line":81},"17":{"name":"(anonymous_17)","decl":{"start":{"line":87,"column":23},"end":{"line":87,"column":24}},"loc":{"start":{"line":87,"column":34},"end":{"line":91,"column":3}},"line":87},"18":{"name":"(anonymous_18)","decl":{"start":{"line":93,"column":20},"end":{"line":93,"column":21}},"loc":{"start":{"line":93,"column":26},"end":{"line":101,"column":3}},"line":93},"19":{"name":"(anonymous_19)","decl":{"start":{"line":104,"column":19},"end":{"line":104,"column":20}},"loc":{"start":{"line":105,"column":4},"end":{"line":107,"column":16}},"line":105},"20":{"name":"(anonymous_20)","decl":{"start":{"line":123,"column":25},"end":{"line":123,"column":26}},"loc":{"start":{"line":123,"column":31},"end":{"line":123,"column":51}},"line":123},"21":{"name":"(anonymous_21)","decl":{"start":{"line":128,"column":25},"end":{"line":128,"column":26}},"loc":{"start":{"line":128,"column":35},"end":{"line":137,"column":9}},"line":128},"22":{"name":"(anonymous_22)","decl":{"start":{"line":134,"column":32},"end":{"line":134,"column":33}},"loc":{"start":{"line":134,"column":38},"end":{"line":134,"column":65}},"line":134}},"branchMap":{"0":{"loc":{"start":{"line":38,"column":4},"end":{"line":42,"column":5}},"type":"if","locations":[{"start":{"line":38,"column":4},"end":{"line":42,"column":5}},{"start":{},"end":{}}],"line":38},"1":{"loc":{"start":{"line":51,"column":38},"end":{"line":51,"column":74}},"type":"cond-expr","locations":[{"start":{"line":51,"column":55},"end":{"line":51,"column":59}},{"start":{"line":51,"column":62},"end":{"line":51,"column":74}}],"line":51},"2":{"loc":{"start":{"line":71,"column":22},"end":{"line":71,"column":78}},"type":"cond-expr","locations":[{"start":{"line":71,"column":32},"end":{"line":71,"column":37}},{"start":{"line":71,"column":40},"end":{"line":71,"column":78}}],"line":71},"3":{"loc":{"start":{"line":113,"column":7},"end":{"line":121,"column":7}},"type":"cond-expr","locations":[{"start":{"line":114,"column":8},"end":{"line":118,"column":14}},{"start":{"line":120,"column":8},"end":{"line":120,"column":19}}],"line":113},"4":{"loc":{"start":{"line":124,"column":16},"end":{"line":124,"column":45}},"type":"cond-expr","locations":[{"start":{"line":124,"column":26},"end":{"line":124,"column":37}},{"start":{"line":124,"column":40},"end":{"line":124,"column":45}}],"line":124}},"s":{"0":0,"1":0,"2":0,"3":0,"4":0,"5":0,"6":0,"7":0,"8":0,"9":0,"10":0,"11":0,"12":0,"13":0,"14":0,"15":0,"16":0,"17":0,"18":0,"19":0,"20":0,"21":0,"22":0,"23":0,"24":0,"25":0,"26":0,"27":0,"28":0,"29":0,"30":0,"31":0,"32":0,"33":0,"34":0,"35":0,"36":0,"37":0,"38":0,"39":0,"40":0,"41":0,"42":0,"43":0,"44":0,"45":0,"46":0,"47":0,"48":0,"49":0,"50":0,"51":0,"52":0,"53":0,"54":0,"55":0,"56":0,"57":0,"58":0,"59":0},"f":{"0":0,"1":0,"2":0,"3":0,"4":0,"5":0,"6":0,"7":0,"8":0,"9":0,"10":0,"11":0,"12":0,"13":0,"14":0,"15":0,"16":0,"17":0,"18":0,"19":0,"20":0,"21":0,"22":0},"b":{"0":[0,0],"1":[0,0],"2":[0,0],"3":[0,0],"4":[0,0]}}
,"/Users/justina/projects/sandbox/fullstackopen/notes-frontend/src/main.jsx": {"path":"/Users/justina/projects/sandbox/fullstackopen/notes-frontend/src/main.jsx","statementMap":{"0":{"start":{"line":5,"column":0},"end":{"line":5,"column":69}}},"fnMap":{},"branchMap":{},"s":{"0":0},"f":{},"b":{}}
,"/Users/justina/projects/sandbox/fullstackopen/notes-frontend/src/components/Footer.jsx": {"path":"/Users/justina/projects/sandbox/fullstackopen/notes-frontend/src/components/Footer.jsx","statementMap":{},"fnMap":{},"branchMap":{},"s":{},"f":{},"b":{}}
,"/Users/justina/projects/sandbox/fullstackopen/notes-frontend/src/components/LoginForm.jsx": {"path":"/Users/justina/projects/sandbox/fullstackopen/notes-frontend/src/components/LoginForm.jsx","statementMap":{"0":{"start":{"line":3,"column":25},"end":{"line":38,"column":1}},"1":{"start":{"line":4,"column":34},"end":{"line":4,"column":46}},"2":{"start":{"line":5,"column":34},"end":{"line":5,"column":46}},"3":{"start":{"line":6,"column":22},"end":{"line":11,"column":3}},"4":{"start":{"line":7,"column":4},"end":{"line":7,"column":27}},"5":{"start":{"line":8,"column":4},"end":{"line":8,"column":46}},"6":{"start":{"line":9,"column":4},"end":{"line":9,"column":20}},"7":{"start":{"line":10,"column":4},"end":{"line":10,"column":20}},"8":{"start":{"line":12,"column":2},"end":{"line":37,"column":4}},"9":{"start":{"line":22,"column":29},"end":{"line":22,"column":56}},"10":{"start":{"line":31,"column":29},"end":{"line":31,"column":56}},"11":{"start":{"line":40,"column":0},"end":{"line":42,"column":2}}},"fnMap":{"0":{"name":"(anonymous_0)","decl":{"start":{"line":3,"column":25},"end":{"line":3,"column":26}},"loc":{"start":{"line":3,"column":43},"end":{"line":38,"column":1}},"line":3},"1":{"name":"(anonymous_1)","decl":{"start":{"line":6,"column":22},"end":{"line":6,"column":23}},"loc":{"start":{"line":6,"column":33},"end":{"line":11,"column":3}},"line":6},"2":{"name":"(anonymous_2)","decl":{"start":{"line":22,"column":22},"end":{"line":22,"column":23}},"loc":{"start":{"line":22,"column":29},"end":{"line":22,"column":56}},"line":22},"3":{"name":"(anonymous_3)","decl":{"start":{"line":31,"column":22},"end":{"line":31,"column":23}},"loc":{"start":{"line":31,"column":29},"end":{"line":31,"column":56}},"line":31}},"branchMap":{},"s":{"0":0,"1":0,"2":0,"3":0,"4":0,"5":0,"6":0,"7":0,"8":0,"9":0,"10":0,"11":0},"f":{"0":0,"1":0,"2":0,"3":0},"b":{}}
,"/Users/justina/projects/sandbox/fullstackopen/notes-frontend/src/components/Note.jsx": {"path":"/Users/justina/projects/sandbox/fullstackopen/notes-frontend/src/components/Note.jsx","statementMap":{"0":{"start":{"line":1,"column":13},"end":{"line":10,"column":1}},"1":{"start":{"line":2,"column":16},"end":{"line":2,"column":72}},"2":{"start":{"line":4,"column":2},"end":{"line":9,"column":4}}},"fnMap":{"0":{"name":"(anonymous_0)","decl":{"start":{"line":1,"column":13},"end":{"line":1,"column":14}},"loc":{"start":{"line":1,"column":45},"end":{"line":10,"column":1}},"line":1}},"branchMap":{"0":{"loc":{"start":{"line":2,"column":16},"end":{"line":2,"column":72}},"type":"cond-expr","locations":[{"start":{"line":2,"column":33},"end":{"line":2,"column":53}},{"start":{"line":2,"column":56},"end":{"line":2,"column":72}}],"line":2}},"s":{"0":1,"1":2,"2":2},"f":{"0":2},"b":{"0":[2,0]},"_coverageSchema":"1a1c01bbd47fc00a2c39e90264f33305004495a9","hash":"ae60d34405612878d8f0d5be84dd53cb5151bbde"}
,"/Users/justina/projects/sandbox/fullstackopen/notes-frontend/src/components/NoteForm.jsx": {"path":"/Users/justina/projects/sandbox/fullstackopen/notes-frontend/src/components/NoteForm.jsx","statementMap":{"0":{"start":{"line":3,"column":24},"end":{"line":27,"column":1}},"1":{"start":{"line":4,"column":32},"end":{"line":4,"column":44}},"2":{"start":{"line":6,"column":18},"end":{"line":13,"column":3}},"3":{"start":{"line":7,"column":4},"end":{"line":7,"column":27}},"4":{"start":{"line":8,"column":4},"end":{"line":11,"column":7}},"5":{"start":{"line":12,"column":4},"end":{"line":12,"column":19}},"6":{"start":{"line":14,"column":2},"end":{"line":26,"column":4}},"7":{"start":{"line":21,"column":27},"end":{"line":21,"column":53}}},"fnMap":{"0":{"name":"(anonymous_0)","decl":{"start":{"line":3,"column":24},"end":{"line":3,"column":25}},"loc":{"start":{"line":3,"column":44},"end":{"line":27,"column":1}},"line":3},"1":{"name":"(anonymous_1)","decl":{"start":{"line":6,"column":18},"end":{"line":6,"column":19}},"loc":{"start":{"line":6,"column":29},"end":{"line":13,"column":3}},"line":6},"2":{"name":"(anonymous_2)","decl":{"start":{"line":21,"column":20},"end":{"line":21,"column":21}},"loc":{"start":{"line":21,"column":27},"end":{"line":21,"column":53}},"line":21}},"branchMap":{},"s":{"0":1,"1":19,"2":19,"3":1,"4":1,"5":1,"6":19,"7":17},"f":{"0":19,"1":1,"2":17},"b":{},"_coverageSchema":"1a1c01bbd47fc00a2c39e90264f33305004495a9","hash":"c7b87924f5e12bfc615ffddfa3ceecfc78a67c0e"}
,"/Users/justina/projects/sandbox/fullstackopen/notes-frontend/src/components/Notification.jsx": {"path":"/Users/justina/projects/sandbox/fullstackopen/notes-frontend/src/components/Notification.jsx","statementMap":{"0":{"start":{"line":1,"column":21},"end":{"line":7,"column":1}},"1":{"start":{"line":2,"column":2},"end":{"line":4,"column":3}},"2":{"start":{"line":3,"column":4},"end":{"line":3,"column":16}},"3":{"start":{"line":6,"column":2},"end":{"line":6,"column":48}}},"fnMap":{"0":{"name":"(anonymous_0)","decl":{"start":{"line":1,"column":21},"end":{"line":1,"column":22}},"loc":{"start":{"line":1,"column":38},"end":{"line":7,"column":1}},"line":1}},"branchMap":{"0":{"loc":{"start":{"line":2,"column":2},"end":{"line":4,"column":3}},"type":"if","locations":[{"start":{"line":2,"column":2},"end":{"line":4,"column":3}},{"start":{},"end":{}}],"line":2}},"s":{"0":0,"1":0,"2":0,"3":0},"f":{"0":0},"b":{"0":[0,0]}}
,"/Users/justina/projects/sandbox/fullstackopen/notes-frontend/src/components/Togglable.jsx": {"path":"/Users/justina/projects/sandbox/fullstackopen/notes-frontend/src/components/Togglable.jsx","statementMap":{"0":{"start":{"line":4,"column":25},"end":{"line":28,"column":2}},"1":{"start":{"line":5,"column":32},"end":{"line":5,"column":47}},"2":{"start":{"line":7,"column":26},"end":{"line":7,"column":60}},"3":{"start":{"line":8,"column":26},"end":{"line":8,"column":60}},"4":{"start":{"line":10,"column":27},"end":{"line":12,"column":3}},"5":{"start":{"line":11,"column":4},"end":{"line":11,"column":25}},"6":{"start":{"line":14,"column":2},"end":{"line":16,"column":5}},"7":{"start":{"line":15,"column":4},"end":{"line":15,"column":32}},"8":{"start":{"line":17,"column":2},"end":{"line":27,"column":4}},"9":{"start":{"line":29,"column":0},"end":{"line":29,"column":36}},"10":{"start":{"line":30,"column":0},"end":{"line":32,"column":2}}},"fnMap":{"0":{"name":"(anonymous_0)","decl":{"start":{"line":4,"column":36},"end":{"line":4,"column":37}},"loc":{"start":{"line":4,"column":53},"end":{"line":28,"column":1}},"line":4},"1":{"name":"(anonymous_1)","decl":{"start":{"line":10,"column":27},"end":{"line":10,"column":28}},"loc":{"start":{"line":10,"column":33},"end":{"line":12,"column":3}},"line":10},"2":{"name":"(anonymous_2)","decl":{"start":{"line":14,"column":28},"end":{"line":14,"column":29}},"loc":{"start":{"line":14,"column":34},"end":{"line":16,"column":3}},"line":14}},"branchMap":{"0":{"loc":{"start":{"line":7,"column":37},"end":{"line":7,"column":58}},"type":"cond-expr","locations":[{"start":{"line":7,"column":47},"end":{"line":7,"column":53}},{"start":{"line":7,"column":56},"end":{"line":7,"column":58}}],"line":7},"1":{"loc":{"start":{"line":8,"column":37},"end":{"line":8,"column":58}},"type":"cond-expr","locations":[{"start":{"line":8,"column":47},"end":{"line":8,"column":49}},{"start":{"line":8,"column":52},"end":{"line":8,"column":58}}],"line":8}},"s":{"0":1,"1":7,"2":7,"3":7,"4":7,"5":3,"6":7,"7":0,"8":7,"9":1,"10":1},"f":{"0":7,"1":3,"2":0},"b":{"0":[2,5],"1":[2,5]},"_coverageSchema":"1a1c01bbd47fc00a2c39e90264f33305004495a9","hash":"1a461152e7f553aa2fcd4bd9ca199e3f51093c3f"}
,"/Users/justina/projects/sandbox/fullstackopen/notes-frontend/src/services/login.js": {"path":"/Users/justina/projects/sandbox/fullstackopen/notes-frontend/src/services/login.js","statementMap":{"0":{"start":{"line":2,"column":16},"end":{"line":2,"column":28}},"1":{"start":{"line":4,"column":21},"end":{"line":7,"column":1}},"2":{"start":{"line":5,"column":19},"end":{"line":5,"column":57}},"3":{"start":{"line":6,"column":2},"end":{"line":6,"column":23}}},"fnMap":{"0":{"name":"(anonymous_0)","decl":{"start":{"line":4,"column":21},"end":{"line":4,"column":22}},"loc":{"start":{"line":4,"column":44},"end":{"line":7,"column":1}},"line":4}},"branchMap":{},"s":{"0":0,"1":0,"2":0,"3":0},"f":{"0":0},"b":{}}
,"/Users/justina/projects/sandbox/fullstackopen/notes-frontend/src/services/notes.js": {"path":"/Users/justina/projects/sandbox/fullstackopen/notes-frontend/src/services/notes.js","statementMap":{"0":{"start":{"line":2,"column":16},"end":{"line":2,"column":28}},"1":{"start":{"line":4,"column":12},"end":{"line":4,"column":16}},"2":{"start":{"line":5,"column":17},"end":{"line":7,"column":1}},"3":{"start":{"line":6,"column":2},"end":{"line":6,"column":31}},"4":{"start":{"line":8,"column":15},"end":{"line":11,"column":1}},"5":{"start":{"line":9,"column":18},"end":{"line":9,"column":36}},"6":{"start":{"line":10,"column":2},"end":{"line":10,"column":51}},"7":{"start":{"line":10,"column":36},"end":{"line":10,"column":49}},"8":{"start":{"line":13,"column":15},"end":{"line":20,"column":1}},"9":{"start":{"line":14,"column":17},"end":{"line":16,"column":3}},"10":{"start":{"line":17,"column":19},"end":{"line":17,"column":63}},"11":{"start":{"line":19,"column":2},"end":{"line":19,"column":23}},"12":{"start":{"line":22,"column":15},"end":{"line":25,"column":1}},"13":{"start":{"line":23,"column":18},"end":{"line":23,"column":58}},"14":{"start":{"line":24,"column":2},"end":{"line":24,"column":51}},"15":{"start":{"line":24,"column":36},"end":{"line":24,"column":49}}},"fnMap":{"0":{"name":"(anonymous_0)","decl":{"start":{"line":5,"column":17},"end":{"line":5,"column":18}},"loc":{"start":{"line":5,"column":31},"end":{"line":7,"column":1}},"line":5},"1":{"name":"(anonymous_1)","decl":{"start":{"line":8,"column":15},"end":{"line":8,"column":16}},"loc":{"start":{"line":8,"column":21},"end":{"line":11,"column":1}},"line":8},"2":{"name":"(anonymous_2)","decl":{"start":{"line":10,"column":22},"end":{"line":10,"column":23}},"loc":{"start":{"line":10,"column":36},"end":{"line":10,"column":49}},"line":10},"3":{"name":"(anonymous_3)","decl":{"start":{"line":13,"column":15},"end":{"line":13,"column":16}},"loc":{"start":{"line":13,"column":36},"end":{"line":20,"column":1}},"line":13},"4":{"name":"(anonymous_4)","decl":{"start":{"line":22,"column":15},"end":{"line":22,"column":16}},"loc":{"start":{"line":22,"column":34},"end":{"line":25,"column":1}},"line":22},"5":{"name":"(anonymous_5)","decl":{"start":{"line":24,"column":22},"end":{"line":24,"column":23}},"loc":{"start":{"line":24,"column":36},"end":{"line":24,"column":49}},"line":24}},"branchMap":{},"s":{"0":0,"1":0,"2":0,"3":0,"4":0,"5":0,"6":0,"7":0,"8":0,"9":0,"10":0,"11":0,"12":0,"13":0,"14":0,"15":0},"f":{"0":0,"1":0,"2":0,"3":0,"4":0,"5":0},"b":{}}
}
